<?xml version="1.0" encoding="UTF-8"?>
<testng-results ignored="0" total="1" passed="1" failed="0" skipped="0">
  <reporter-output>
  </reporter-output>
  <suite started-at="2024-05-30T21:46:36 IST" name="Default suite" finished-at="2024-05-30T21:46:45 IST" duration-ms="8578">
    <groups>
    </groups>
    <test started-at="2024-05-30T21:46:36 IST" name="Default test" finished-at="2024-05-30T21:46:45 IST" duration-ms="8578">
      <class name="testGPP.HomeGPP">
        <test-method is-config="true" signature="setup()[pri:0, instance:testGPP.HomeGPP@70e9c95d]" started-at="2024-05-30T21:46:36 IST" name="setup" finished-at="2024-05-30T21:46:44 IST" duration-ms="8277" status="PASS">
          <reporter-output>
          </reporter-output>
        </test-method> <!-- setup -->
        <test-method signature="pageTitleTest()[pri:0, instance:testGPP.HomeGPP@70e9c95d]" started-at="2024-05-30T21:46:44 IST" name="pageTitleTest" finished-at="2024-05-30T21:46:44 IST" duration-ms="19" status="PASS">
          <reporter-output>
          </reporter-output>
        </test-method> <!-- pageTitleTest -->
        <test-method is-config="true" signature="close()[pri:0, instance:testGPP.HomeGPP@70e9c95d]" started-at="2024-05-30T21:46:45 IST" name="close" finished-at="2024-05-30T21:46:45 IST" duration-ms="203" status="PASS">
          <reporter-output>
          </reporter-output>
        </test-method> <!-- close -->
      </class> <!-- testGPP.HomeGPP -->
    </test> <!-- Default test -->
  </suite> <!-- Default suite -->
</testng-results>
