<?xml version="1.0" encoding="UTF-8"?>
<!-- Generated by org.testng.reporters.JUnitReportReporter -->
<testsuite hostname="LTIN440611" failures="0" tests="2" name="selenium.selenium.java.DataProviderExample" time="7.818" errors="0" timestamp="2023-09-05T10:12:57 IST" skipped="0">
  <testcase classname="selenium.selenium.java.DataProviderExample" name="enterCred" time="3.948"/>
  <testcase classname="selenium.selenium.java.DataProviderExample" name="enterCred" time="3.870"/>
</testsuite> <!-- selenium.selenium.java.DataProviderExample -->
