<?xml version="1.0" encoding="UTF-8"?>
<!-- Generated by org.testng.reporters.JUnitReportReporter -->
<testsuite hostname="LTIN440611" failures="0" tests="2" name="com.qa.gpp.tests.HomePageTest" time="30.128" errors="0" timestamp="2024-06-07T19:45:50 IST" skipped="0">
  <testcase classname="com.qa.gpp.tests.HomePageTest" name="homePageTitle" time="30.079"/>
  <system-out/>
  <testcase classname="com.qa.gpp.tests.HomePageTest" name="logoExist" time="0.049"/>
  <system-out/>
</testsuite> <!-- com.qa.gpp.tests.HomePageTest -->
