<?xml version="1.0" encoding="UTF-8"?>
<testng-results ignored="0" total="2" passed="2" failed="0" skipped="0">
  <reporter-output>
  </reporter-output>
  <suite started-at="2024-06-07T19:44:59 IST" name="Default suite" finished-at="2024-06-07T19:45:50 IST" duration-ms="51227">
    <groups>
    </groups>
    <test started-at="2024-06-07T19:44:59 IST" name="Default test" finished-at="2024-06-07T19:45:50 IST" duration-ms="51227">
      <class name="com.qa.gpp.tests.HomePageTest">
        <test-method is-config="true" signature="setup()[pri:0, instance:com.qa.gpp.tests.HomePageTest@506ae4d4]" started-at="2024-06-07T19:44:59 IST" name="setup" finished-at="2024-06-07T19:45:16 IST" duration-ms="17351" status="PASS">
          <reporter-output>
          </reporter-output>
        </test-method> <!-- setup -->
        <test-method signature="homePageTitle()[pri:0, instance:com.qa.gpp.tests.HomePageTest@506ae4d4]" started-at="2024-06-07T19:45:16 IST" name="homePageTitle" finished-at="2024-06-07T19:45:46 IST" duration-ms="30079" status="PASS">
          <reporter-output>
          </reporter-output>
        </test-method> <!-- homePageTitle -->
        <test-method signature="logoExist()[pri:0, instance:com.qa.gpp.tests.HomePageTest@506ae4d4]" started-at="2024-06-07T19:45:46 IST" name="logoExist" finished-at="2024-06-07T19:45:46 IST" duration-ms="49" status="PASS">
          <reporter-output>
          </reporter-output>
        </test-method> <!-- logoExist -->
        <test-method is-config="true" signature="tearDown()[pri:0, instance:com.qa.gpp.tests.HomePageTest@506ae4d4]" started-at="2024-06-07T19:45:46 IST" name="tearDown" finished-at="2024-06-07T19:45:50 IST" duration-ms="3688" status="PASS">
          <reporter-output>
          </reporter-output>
        </test-method> <!-- tearDown -->
      </class> <!-- com.qa.gpp.tests.HomePageTest -->
    </test> <!-- Default test -->
  </suite> <!-- Default suite -->
</testng-results>
